{"/Users/adithyags/Desktop/BuildSense/src/App.jsx": {"path":"/Users/adithyags/Desktop/BuildSense/src/App.jsx","statementMap":{"0":{"start":{"line":8,"column":40},"end":{"line":8,"column":null}},"1":{"start":{"line":10,"column":8},"end":{"line":13,"column":null}},"2":{"start":{"line":11,"column":4},"end":{"line":11,"column":null}},"3":{"start":{"line":12,"column":4},"end":{"line":12,"column":null}},"4":{"start":{"line":14,"column":28},"end":{"line":14,"column":null}},"5":{"start":{"line":16,"column":2},"end":{"line":22,"column":null}},"6":{"start":{"line":17,"column":23},"end":{"line":17,"column":null}},"7":{"start":{"line":18,"column":4},"end":{"line":21,"column":null}},"8":{"start":{"line":19,"column":6},"end":{"line":19,"column":null}},"9":{"start":{"line":20,"column":6},"end":{"line":20,"column":null}},"10":{"start":{"line":24,"column":8},"end":{"line":29,"column":null}},"11":{"start":{"line":25,"column":21},"end":{"line":25,"column":null}},"12":{"start":{"line":26,"column":4},"end":{"line":26,"column":null}},"13":{"start":{"line":27,"column":4},"end":{"line":27,"column":null}},"14":{"start":{"line":28,"column":4},"end":{"line":28,"column":null}},"15":{"start":{"line":31,"column":2},"end":{"line":93,"column":null}},"16":{"start":{"line":35,"column":47},"end":{"line":35,"column":67}},"17":{"start":{"line":40,"column":30},"end":{"line":40,"column":50}},"18":{"start":{"line":41,"column":30},"end":{"line":41,"column":54}},"19":{"start":{"line":42,"column":30},"end":{"line":42,"column":55}},"20":{"start":{"line":83,"column":35},"end":{"line":83,"column":55}},"21":{"start":{"line":84,"column":35},"end":{"line":84,"column":59}},"22":{"start":{"line":85,"column":35},"end":{"line":85,"column":60}}},"fnMap":{"0":{"name":"App","decl":{"start":{"line":7,"column":9},"end":{"line":7,"column":15}},"loc":{"start":{"line":7,"column":15},"end":{"line":95,"column":null}},"line":7},"1":{"name":"(anonymous_1)","decl":{"start":{"line":10,"column":8},"end":{"line":10,"column":22}},"loc":{"start":{"line":10,"column":31},"end":{"line":13,"column":null}},"line":10},"2":{"name":"(anonymous_2)","decl":{"start":{"line":16,"column":2},"end":{"line":16,"column":18}},"loc":{"start":{"line":16,"column":18},"end":{"line":22,"column":5}},"line":16},"3":{"name":"(anonymous_3)","decl":{"start":{"line":24,"column":8},"end":{"line":24,"column":28}},"loc":{"start":{"line":24,"column":28},"end":{"line":29,"column":null}},"line":24},"4":{"name":"(anonymous_4)","decl":{"start":{"line":35,"column":32},"end":{"line":35,"column":47}},"loc":{"start":{"line":35,"column":47},"end":{"line":35,"column":67}},"line":35},"5":{"name":"(anonymous_5)","decl":{"start":{"line":40,"column":15},"end":{"line":40,"column":30}},"loc":{"start":{"line":40,"column":30},"end":{"line":40,"column":50}},"line":40},"6":{"name":"(anonymous_6)","decl":{"start":{"line":41,"column":15},"end":{"line":41,"column":30}},"loc":{"start":{"line":41,"column":30},"end":{"line":41,"column":54}},"line":41},"7":{"name":"(anonymous_7)","decl":{"start":{"line":42,"column":15},"end":{"line":42,"column":30}},"loc":{"start":{"line":42,"column":30},"end":{"line":42,"column":55}},"line":42},"8":{"name":"(anonymous_8)","decl":{"start":{"line":83,"column":20},"end":{"line":83,"column":35}},"loc":{"start":{"line":83,"column":35},"end":{"line":83,"column":55}},"line":83},"9":{"name":"(anonymous_9)","decl":{"start":{"line":84,"column":20},"end":{"line":84,"column":35}},"loc":{"start":{"line":84,"column":35},"end":{"line":84,"column":59}},"line":84},"10":{"name":"(anonymous_10)","decl":{"start":{"line":85,"column":20},"end":{"line":85,"column":35}},"loc":{"start":{"line":85,"column":35},"end":{"line":85,"column":60}},"line":85}},"branchMap":{"0":{"loc":{"start":{"line":18,"column":4},"end":{"line":21,"column":null}},"type":"if","locations":[{"start":{"line":18,"column":4},"end":{"line":21,"column":null}},{"start":{},"end":{}}],"line":18},"1":{"loc":{"start":{"line":25,"column":21},"end":{"line":25,"column":null}},"type":"cond-expr","locations":[{"start":{"line":25,"column":41},"end":{"line":25,"column":50}},{"start":{"line":25,"column":50},"end":{"line":25,"column":null}}],"line":25},"2":{"loc":{"start":{"line":40,"column":61},"end":{"line":40,"column":101}},"type":"cond-expr","locations":[{"start":{"line":40,"column":86},"end":{"line":40,"column":97}},{"start":{"line":40,"column":97},"end":{"line":40,"column":101}}],"line":40},"3":{"loc":{"start":{"line":41,"column":65},"end":{"line":41,"column":109}},"type":"cond-expr","locations":[{"start":{"line":41,"column":94},"end":{"line":41,"column":105}},{"start":{"line":41,"column":105},"end":{"line":41,"column":109}}],"line":41},"4":{"loc":{"start":{"line":42,"column":66},"end":{"line":42,"column":111}},"type":"cond-expr","locations":[{"start":{"line":42,"column":96},"end":{"line":42,"column":107}},{"start":{"line":42,"column":107},"end":{"line":42,"column":111}}],"line":42},"5":{"loc":{"start":{"line":49,"column":34},"end":{"line":49,"column":71}},"type":"cond-expr","locations":[{"start":{"line":49,"column":54},"end":{"line":49,"column":63}},{"start":{"line":49,"column":63},"end":{"line":49,"column":71}}],"line":49},"6":{"loc":{"start":{"line":51,"column":15},"end":{"line":54,"column":null}},"type":"cond-expr","locations":[{"start":{"line":52,"column":16},"end":{"line":54,"column":17}},{"start":{"line":54,"column":16},"end":{"line":54,"column":null}}],"line":51},"7":{"loc":{"start":{"line":62,"column":9},"end":{"line":62,"column":null}},"type":"binary-expr","locations":[{"start":{"line":62,"column":9},"end":{"line":62,"column":35}},{"start":{"line":62,"column":35},"end":{"line":62,"column":null}}],"line":62},"8":{"loc":{"start":{"line":63,"column":9},"end":{"line":63,"column":null}},"type":"binary-expr","locations":[{"start":{"line":63,"column":9},"end":{"line":63,"column":39}},{"start":{"line":63,"column":39},"end":{"line":63,"column":null}}],"line":63},"9":{"loc":{"start":{"line":64,"column":9},"end":{"line":64,"column":null}},"type":"binary-expr","locations":[{"start":{"line":64,"column":9},"end":{"line":64,"column":40}},{"start":{"line":64,"column":40},"end":{"line":64,"column":null}}],"line":64}},"s":{"0":1,"1":1,"2":0,"3":0,"4":1,"5":1,"6":1,"7":1,"8":0,"9":0,"10":1,"11":0,"12":0,"13":0,"14":0,"15":1,"16":0,"17":0,"18":0,"19":0,"20":0,"21":0,"22":0},"f":{"0":1,"1":0,"2":1,"3":0,"4":0,"5":0,"6":0,"7":0,"8":0,"9":0,"10":0},"b":{"0":[0,1],"1":[0,0],"2":[1,0],"3":[0,1],"4":[0,1],"5":[1,0],"6":[1,0],"7":[1,1],"8":[1,0],"9":[1,0]},"meta":{"lastBranch":10,"lastFunction":11,"lastStatement":23,"seen":{"f:7:9:7:15":0,"s:8:40:8:Infinity":0,"s:10:8:13:Infinity":1,"f:10:8:10:22":1,"s:11:4:11:Infinity":2,"s:12:4:12:Infinity":3,"s:14:28:14:Infinity":4,"s:16:2:22:Infinity":5,"f:16:2:16:18":2,"s:17:23:17:Infinity":6,"b:18:4:21:Infinity:undefined:undefined:undefined:undefined":0,"s:18:4:21:Infinity":7,"s:19:6:19:Infinity":8,"s:20:6:20:Infinity":9,"s:24:8:29:Infinity":10,"f:24:8:24:28":3,"s:25:21:25:Infinity":11,"b:25:41:25:50:25:50:25:Infinity":1,"s:26:4:26:Infinity":12,"s:27:4:27:Infinity":13,"s:28:4:28:Infinity":14,"s:31:2:93:Infinity":15,"f:35:32:35:47":4,"s:35:47:35:67":16,"f:40:15:40:30":5,"s:40:30:40:50":17,"b:40:86:40:97:40:97:40:101":2,"f:41:15:41:30":6,"s:41:30:41:54":18,"b:41:94:41:105:41:105:41:109":3,"f:42:15:42:30":7,"s:42:30:42:55":19,"b:42:96:42:107:42:107:42:111":4,"b:49:54:49:63:49:63:49:71":5,"b:52:16:54:17:54:16:54:Infinity":6,"b:62:9:62:35:62:35:62:Infinity":7,"b:63:9:63:39:63:39:63:Infinity":8,"b:64:9:64:40:64:40:64:Infinity":9,"f:83:20:83:35":8,"s:83:35:83:55":20,"f:84:20:84:35":9,"s:84:35:84:59":21,"f:85:20:85:35":10,"s:85:35:85:60":22},"fnNames":{}}}
,"/Users/adithyags/Desktop/BuildSense/src/components/Estimator.jsx": {"path":"/Users/adithyags/Desktop/BuildSense/src/components/Estimator.jsx","statementMap":{"0":{"start":{"line":6,"column":36},"end":{"line":6,"column":null}},"1":{"start":{"line":7,"column":44},"end":{"line":7,"column":null}},"2":{"start":{"line":8,"column":36},"end":{"line":8,"column":null}},"3":{"start":{"line":9,"column":36},"end":{"line":9,"column":null}},"4":{"start":{"line":11,"column":30},"end":{"line":13,"column":null}},"5":{"start":{"line":16,"column":34},"end":{"line":16,"column":null}},"6":{"start":{"line":17,"column":36},"end":{"line":17,"column":null}},"7":{"start":{"line":18,"column":36},"end":{"line":18,"column":null}},"8":{"start":{"line":19,"column":36},"end":{"line":19,"column":null}},"9":{"start":{"line":20,"column":40},"end":{"line":20,"column":null}},"10":{"start":{"line":21,"column":42},"end":{"line":21,"column":null}},"11":{"start":{"line":22,"column":30},"end":{"line":22,"column":null}},"12":{"start":{"line":23,"column":34},"end":{"line":23,"column":null}},"13":{"start":{"line":25,"column":2},"end":{"line":31,"column":null}},"14":{"start":{"line":26,"column":21},"end":{"line":26,"column":null}},"15":{"start":{"line":27,"column":4},"end":{"line":30,"column":null}},"16":{"start":{"line":28,"column":6},"end":{"line":28,"column":null}},"17":{"start":{"line":29,"column":6},"end":{"line":29,"column":null}},"18":{"start":{"line":33,"column":8},"end":{"line":35,"column":null}},"19":{"start":{"line":34,"column":4},"end":{"line":34,"column":null}},"20":{"start":{"line":37,"column":8},"end":{"line":39,"column":null}},"21":{"start":{"line":38,"column":4},"end":{"line":38,"column":null}},"22":{"start":{"line":38,"column":33},"end":{"line":38,"column":44}},"23":{"start":{"line":41,"column":8},"end":{"line":43,"column":null}},"24":{"start":{"line":42,"column":4},"end":{"line":42,"column":null}},"25":{"start":{"line":42,"column":30},"end":{"line":42,"column":72}},"26":{"start":{"line":46,"column":8},"end":{"line":51,"column":null}},"27":{"start":{"line":47,"column":4},"end":{"line":49,"column":null}},"28":{"start":{"line":48,"column":6},"end":{"line":48,"column":null}},"29":{"start":{"line":50,"column":4},"end":{"line":50,"column":null}},"30":{"start":{"line":50,"column":37},"end":{"line":50,"column":103}},"31":{"start":{"line":53,"column":20},"end":{"line":53,"column":null}},"32":{"start":{"line":54,"column":19},"end":{"line":54,"column":null}},"33":{"start":{"line":54,"column":50},"end":{"line":54,"column":72}},"34":{"start":{"line":55,"column":14},"end":{"line":55,"column":null}},"35":{"start":{"line":57,"column":18},"end":{"line":57,"column":null}},"36":{"start":{"line":58,"column":2},"end":{"line":64,"column":null}},"37":{"start":{"line":59,"column":21},"end":{"line":59,"column":null}},"38":{"start":{"line":60,"column":23},"end":{"line":60,"column":null}},"39":{"start":{"line":61,"column":21},"end":{"line":61,"column":null}},"40":{"start":{"line":62,"column":22},"end":{"line":62,"column":null}},"41":{"start":{"line":63,"column":4},"end":{"line":63,"column":null}},"42":{"start":{"line":67,"column":8},"end":{"line":75,"column":null}},"43":{"start":{"line":68,"column":15},"end":{"line":68,"column":null}},"44":{"start":{"line":69,"column":4},"end":{"line":74,"column":null}},"45":{"start":{"line":70,"column":16},"end":{"line":70,"column":null}},"46":{"start":{"line":71,"column":6},"end":{"line":71,"column":null}},"47":{"start":{"line":72,"column":6},"end":{"line":72,"column":null}},"48":{"start":{"line":73,"column":6},"end":{"line":73,"column":null}},"49":{"start":{"line":73,"column":23},"end":{"line":73,"column":44}},"50":{"start":{"line":78,"column":27},"end":{"line":112,"column":null}},"51":{"start":{"line":79,"column":4},"end":{"line":79,"column":null}},"52":{"start":{"line":80,"column":4},"end":{"line":83,"column":null}},"53":{"start":{"line":81,"column":6},"end":{"line":81,"column":null}},"54":{"start":{"line":82,"column":6},"end":{"line":82,"column":null}},"55":{"start":{"line":84,"column":4},"end":{"line":84,"column":null}},"56":{"start":{"line":85,"column":4},"end":{"line":85,"column":null}},"57":{"start":{"line":87,"column":17},"end":{"line":87,"column":null}},"58":{"start":{"line":88,"column":21},"end":{"line":88,"column":null}},"59":{"start":{"line":90,"column":4},"end":{"line":111,"column":null}},"60":{"start":{"line":91,"column":23},"end":{"line":94,"column":null}},"61":{"start":{"line":96,"column":19},"end":{"line":96,"column":null}},"62":{"start":{"line":97,"column":6},"end":{"line":99,"column":null}},"63":{"start":{"line":98,"column":8},"end":{"line":98,"column":null}},"64":{"start":{"line":101,"column":6},"end":{"line":105,"column":null}},"65":{"start":{"line":102,"column":8},"end":{"line":102,"column":null}},"66":{"start":{"line":104,"column":8},"end":{"line":104,"column":null}},"67":{"start":{"line":107,"column":6},"end":{"line":107,"column":null}},"68":{"start":{"line":108,"column":6},"end":{"line":108,"column":null}},"69":{"start":{"line":110,"column":6},"end":{"line":110,"column":null}},"70":{"start":{"line":114,"column":29},"end":{"line":118,"column":null}},"71":{"start":{"line":116,"column":20},"end":{"line":116,"column":90}},"72":{"start":{"line":117,"column":22},"end":{"line":117,"column":132}},"73":{"start":{"line":120,"column":27},"end":{"line":120,"column":null}},"74":{"start":{"line":121,"column":2},"end":{"line":132,"column":null}},"75":{"start":{"line":122,"column":4},"end":{"line":122,"column":null}},"76":{"start":{"line":123,"column":4},"end":{"line":123,"column":null}},"77":{"start":{"line":123,"column":48},"end":{"line":123,"column":56}},"78":{"start":{"line":124,"column":4},"end":{"line":124,"column":null}},"79":{"start":{"line":125,"column":4},"end":{"line":131,"column":null}},"80":{"start":{"line":126,"column":6},"end":{"line":130,"column":null}},"81":{"start":{"line":127,"column":28},"end":{"line":127,"column":null}},"82":{"start":{"line":128,"column":8},"end":{"line":128,"column":null}},"83":{"start":{"line":129,"column":8},"end":{"line":129,"column":null}},"84":{"start":{"line":129,"column":48},"end":{"line":129,"column":59}},"85":{"start":{"line":134,"column":2},"end":{"line":427,"column":null}},"86":{"start":{"line":196,"column":98},"end":{"line":196,"column":121}},"87":{"start":{"line":197,"column":99},"end":{"line":197,"column":123}},"88":{"start":{"line":205,"column":86},"end":{"line":205,"column":null}},"89":{"start":{"line":208,"column":20},"end":{"line":208,"column":null}},"90":{"start":{"line":226,"column":131},"end":{"line":226,"column":162}},"91":{"start":{"line":237,"column":24},"end":{"line":259,"column":null}},"92":{"start":{"line":239,"column":146},"end":{"line":239,"column":null}},"93":{"start":{"line":247,"column":74},"end":{"line":247,"column":103}},"94":{"start":{"line":252,"column":136},"end":{"line":252,"column":192}},"95":{"start":{"line":256,"column":135},"end":{"line":256,"column":190}},"96":{"start":{"line":336,"column":119},"end":{"line":336,"column":149}},"97":{"start":{"line":341,"column":115},"end":{"line":341,"column":145}},"98":{"start":{"line":341,"column":145},"end":{"line":341,"column":166}},"99":{"start":{"line":345,"column":117},"end":{"line":345,"column":147}},"100":{"start":{"line":345,"column":147},"end":{"line":345,"column":168}},"101":{"start":{"line":360,"column":26},"end":{"line":367,"column":null}},"102":{"start":{"line":362,"column":43},"end":{"line":362,"column":null}},"103":{"start":{"line":377,"column":41},"end":{"line":377,"column":null}}},"fnMap":{"0":{"name":"Estimator","decl":{"start":{"line":5,"column":24},"end":{"line":5,"column":34}},"loc":{"start":{"line":5,"column":46},"end":{"line":429,"column":null}},"line":5},"1":{"name":"(anonymous_1)","decl":{"start":{"line":25,"column":2},"end":{"line":25,"column":18}},"loc":{"start":{"line":25,"column":18},"end":{"line":31,"column":5}},"line":25},"2":{"name":"(anonymous_2)","decl":{"start":{"line":33,"column":8},"end":{"line":33,"column":31}},"loc":{"start":{"line":33,"column":31},"end":{"line":35,"column":null}},"line":33},"3":{"name":"(anonymous_3)","decl":{"start":{"line":37,"column":8},"end":{"line":37,"column":29}},"loc":{"start":{"line":37,"column":36},"end":{"line":39,"column":null}},"line":37},"4":{"name":"(anonymous_4)","decl":{"start":{"line":38,"column":21},"end":{"line":38,"column":28}},"loc":{"start":{"line":38,"column":33},"end":{"line":38,"column":44}},"line":38},"5":{"name":"(anonymous_5)","decl":{"start":{"line":41,"column":8},"end":{"line":41,"column":29}},"loc":{"start":{"line":41,"column":50},"end":{"line":43,"column":null}},"line":41},"6":{"name":"(anonymous_6)","decl":{"start":{"line":42,"column":21},"end":{"line":42,"column":25}},"loc":{"start":{"line":42,"column":30},"end":{"line":42,"column":72}},"line":42},"7":{"name":"(anonymous_7)","decl":{"start":{"line":46,"column":8},"end":{"line":46,"column":30}},"loc":{"start":{"line":46,"column":30},"end":{"line":51,"column":null}},"line":46},"8":{"name":"(anonymous_8)","decl":{"start":{"line":50,"column":18},"end":{"line":50,"column":26}},"loc":{"start":{"line":50,"column":37},"end":{"line":50,"column":103}},"line":50},"9":{"name":"(anonymous_9)","decl":{"start":{"line":54,"column":35},"end":{"line":54,"column":45}},"loc":{"start":{"line":54,"column":50},"end":{"line":54,"column":72}},"line":54},"10":{"name":"(anonymous_10)","decl":{"start":{"line":67,"column":8},"end":{"line":67,"column":32}},"loc":{"start":{"line":67,"column":32},"end":{"line":75,"column":null}},"line":67},"11":{"name":"(anonymous_11)","decl":{"start":{"line":73,"column":6},"end":{"line":73,"column":23}},"loc":{"start":{"line":73,"column":23},"end":{"line":73,"column":44}},"line":73},"12":{"name":"(anonymous_12)","decl":{"start":{"line":78,"column":27},"end":{"line":78,"column":34}},"loc":{"start":{"line":78,"column":40},"end":{"line":112,"column":null}},"line":78},"13":{"name":"(anonymous_13)","decl":{"start":{"line":116,"column":13},"end":{"line":116,"column":20}},"loc":{"start":{"line":116,"column":20},"end":{"line":116,"column":90}},"line":116},"14":{"name":"(anonymous_14)","decl":{"start":{"line":117,"column":13},"end":{"line":117,"column":17}},"loc":{"start":{"line":117,"column":22},"end":{"line":117,"column":132}},"line":117},"15":{"name":"(anonymous_15)","decl":{"start":{"line":123,"column":39},"end":{"line":123,"column":43}},"loc":{"start":{"line":123,"column":48},"end":{"line":123,"column":56}},"line":123},"16":{"name":"(anonymous_16)","decl":{"start":{"line":126,"column":43},"end":{"line":126,"column":52}},"loc":{"start":{"line":126,"column":69},"end":{"line":130,"column":7}},"line":126},"17":{"name":"(anonymous_17)","decl":{"start":{"line":129,"column":36},"end":{"line":129,"column":40}},"loc":{"start":{"line":129,"column":48},"end":{"line":129,"column":59}},"line":129},"18":{"name":"(anonymous_18)","decl":{"start":{"line":196,"column":83},"end":{"line":196,"column":98}},"loc":{"start":{"line":196,"column":98},"end":{"line":196,"column":121}},"line":196},"19":{"name":"(anonymous_19)","decl":{"start":{"line":197,"column":84},"end":{"line":197,"column":99}},"loc":{"start":{"line":197,"column":99},"end":{"line":197,"column":123}},"line":197},"20":{"name":"(anonymous_20)","decl":{"start":{"line":205,"column":71},"end":{"line":205,"column":81}},"loc":{"start":{"line":205,"column":86},"end":{"line":205,"column":null}},"line":205},"21":{"name":"(anonymous_21)","decl":{"start":{"line":207,"column":35},"end":{"line":207,"column":39}},"loc":{"start":{"line":208,"column":20},"end":{"line":208,"column":null}},"line":208},"22":{"name":"(anonymous_22)","decl":{"start":{"line":226,"column":116},"end":{"line":226,"column":126}},"loc":{"start":{"line":226,"column":131},"end":{"line":226,"column":162}},"line":226},"23":{"name":"(anonymous_23)","decl":{"start":{"line":236,"column":30},"end":{"line":236,"column":34}},"loc":{"start":{"line":237,"column":24},"end":{"line":259,"column":null}},"line":237},"24":{"name":"(anonymous_24)","decl":{"start":{"line":239,"column":131},"end":{"line":239,"column":141}},"loc":{"start":{"line":239,"column":146},"end":{"line":239,"column":null}},"line":239},"25":{"name":"(anonymous_25)","decl":{"start":{"line":247,"column":59},"end":{"line":247,"column":74}},"loc":{"start":{"line":247,"column":74},"end":{"line":247,"column":103}},"line":247},"26":{"name":"(anonymous_26)","decl":{"start":{"line":252,"column":121},"end":{"line":252,"column":131}},"loc":{"start":{"line":252,"column":136},"end":{"line":252,"column":192}},"line":252},"27":{"name":"(anonymous_27)","decl":{"start":{"line":256,"column":120},"end":{"line":256,"column":130}},"loc":{"start":{"line":256,"column":135},"end":{"line":256,"column":190}},"line":256},"28":{"name":"(anonymous_28)","decl":{"start":{"line":336,"column":104},"end":{"line":336,"column":114}},"loc":{"start":{"line":336,"column":119},"end":{"line":336,"column":149}},"line":336},"29":{"name":"(anonymous_29)","decl":{"start":{"line":341,"column":98},"end":{"line":341,"column":108}},"loc":{"start":{"line":341,"column":113},"end":{"line":341,"column":170}},"line":341},"30":{"name":"(anonymous_30)","decl":{"start":{"line":345,"column":100},"end":{"line":345,"column":110}},"loc":{"start":{"line":345,"column":115},"end":{"line":345,"column":172}},"line":345},"31":{"name":"(anonymous_31)","decl":{"start":{"line":359,"column":41},"end":{"line":359,"column":45}},"loc":{"start":{"line":360,"column":26},"end":{"line":367,"column":null}},"line":360},"32":{"name":"(anonymous_32)","decl":{"start":{"line":362,"column":28},"end":{"line":362,"column":43}},"loc":{"start":{"line":362,"column":43},"end":{"line":362,"column":null}},"line":362},"33":{"name":"(anonymous_33)","decl":{"start":{"line":377,"column":26},"end":{"line":377,"column":36}},"loc":{"start":{"line":377,"column":41},"end":{"line":377,"column":null}},"line":377}},"branchMap":{"0":{"loc":{"start":{"line":27,"column":4},"end":{"line":30,"column":null}},"type":"if","locations":[{"start":{"line":27,"column":4},"end":{"line":30,"column":null}},{"start":{},"end":{}}],"line":27},"1":{"loc":{"start":{"line":42,"column":30},"end":{"line":42,"column":72}},"type":"cond-expr","locations":[{"start":{"line":42,"column":44},"end":{"line":42,"column":71}},{"start":{"line":42,"column":71},"end":{"line":42,"column":72}}],"line":42},"2":{"loc":{"start":{"line":47,"column":4},"end":{"line":49,"column":null}},"type":"if","locations":[{"start":{"line":47,"column":4},"end":{"line":49,"column":null}},{"start":{},"end":{}}],"line":47},"3":{"loc":{"start":{"line":48,"column":13},"end":{"line":48,"column":null}},"type":"binary-expr","locations":[{"start":{"line":48,"column":13},"end":{"line":48,"column":38}},{"start":{"line":48,"column":38},"end":{"line":48,"column":null}}],"line":48},"4":{"loc":{"start":{"line":50,"column":45},"end":{"line":50,"column":75}},"type":"binary-expr","locations":[{"start":{"line":50,"column":45},"end":{"line":50,"column":69}},{"start":{"line":50,"column":69},"end":{"line":50,"column":75}}],"line":50},"5":{"loc":{"start":{"line":50,"column":75},"end":{"line":50,"column":103}},"type":"binary-expr","locations":[{"start":{"line":50,"column":75},"end":{"line":50,"column":98}},{"start":{"line":50,"column":98},"end":{"line":50,"column":103}}],"line":50},"6":{"loc":{"start":{"line":55,"column":14},"end":{"line":55,"column":null}},"type":"cond-expr","locations":[{"start":{"line":55,"column":30},"end":{"line":55,"column":58}},{"start":{"line":55,"column":58},"end":{"line":55,"column":null}}],"line":55},"7":{"loc":{"start":{"line":58,"column":2},"end":{"line":64,"column":null}},"type":"if","locations":[{"start":{"line":58,"column":2},"end":{"line":64,"column":null}},{"start":{},"end":{}}],"line":58},"8":{"loc":{"start":{"line":58,"column":6},"end":{"line":58,"column":28}},"type":"binary-expr","locations":[{"start":{"line":58,"column":6},"end":{"line":58,"column":13}},{"start":{"line":58,"column":13},"end":{"line":58,"column":28}}],"line":58},"9":{"loc":{"start":{"line":69,"column":4},"end":{"line":74,"column":null}},"type":"if","locations":[{"start":{"line":69,"column":4},"end":{"line":74,"column":null}},{"start":{},"end":{}}],"line":69},"10":{"loc":{"start":{"line":80,"column":4},"end":{"line":83,"column":null}},"type":"if","locations":[{"start":{"line":80,"column":4},"end":{"line":83,"column":null}},{"start":{},"end":{}}],"line":80},"11":{"loc":{"start":{"line":80,"column":8},"end":{"line":80,"column":48}},"type":"binary-expr","locations":[{"start":{"line":80,"column":8},"end":{"line":80,"column":29}},{"start":{"line":80,"column":29},"end":{"line":80,"column":48}}],"line":80},"12":{"loc":{"start":{"line":101,"column":6},"end":{"line":105,"column":null}},"type":"if","locations":[{"start":{"line":101,"column":6},"end":{"line":105,"column":null}},{"start":{"line":103,"column":13},"end":{"line":105,"column":null}}],"line":101},"13":{"loc":{"start":{"line":104,"column":24},"end":{"line":104,"column":71}},"type":"binary-expr","locations":[{"start":{"line":104,"column":24},"end":{"line":104,"column":42}},{"start":{"line":104,"column":42},"end":{"line":104,"column":71}}],"line":104},"14":{"loc":{"start":{"line":114,"column":29},"end":{"line":118,"column":null}},"type":"cond-expr","locations":[{"start":{"line":115,"column":6},"end":{"line":115,"column":null}},{"start":{"line":116,"column":6},"end":{"line":118,"column":null}}],"line":114},"15":{"loc":{"start":{"line":116,"column":20},"end":{"line":116,"column":90}},"type":"binary-expr","locations":[{"start":{"line":116,"column":20},"end":{"line":116,"column":61}},{"start":{"line":116,"column":55},"end":{"line":116,"column":90}}],"line":116},"16":{"loc":{"start":{"line":116,"column":26},"end":{"line":116,"column":55}},"type":"binary-expr","locations":[{"start":{"line":116,"column":26},"end":{"line":116,"column":50}},{"start":{"line":116,"column":50},"end":{"line":116,"column":55}}],"line":116},"17":{"loc":{"start":{"line":116,"column":61},"end":{"line":116,"column":89}},"type":"binary-expr","locations":[{"start":{"line":116,"column":61},"end":{"line":116,"column":84}},{"start":{"line":116,"column":84},"end":{"line":116,"column":89}}],"line":116},"18":{"loc":{"start":{"line":117,"column":70},"end":{"line":117,"column":100}},"type":"binary-expr","locations":[{"start":{"line":117,"column":70},"end":{"line":117,"column":94}},{"start":{"line":117,"column":94},"end":{"line":117,"column":100}}],"line":117},"19":{"loc":{"start":{"line":117,"column":100},"end":{"line":117,"column":126}},"type":"binary-expr","locations":[{"start":{"line":117,"column":100},"end":{"line":117,"column":123}},{"start":{"line":117,"column":123},"end":{"line":117,"column":126}}],"line":117},"20":{"loc":{"start":{"line":121,"column":2},"end":{"line":132,"column":null}},"type":"if","locations":[{"start":{"line":121,"column":2},"end":{"line":132,"column":null}},{"start":{},"end":{}}],"line":121},"21":{"loc":{"start":{"line":125,"column":4},"end":{"line":131,"column":null}},"type":"if","locations":[{"start":{"line":125,"column":4},"end":{"line":131,"column":null}},{"start":{},"end":{}}],"line":125},"22":{"loc":{"start":{"line":196,"column":42},"end":{"line":196,"column":83}},"type":"cond-expr","locations":[{"start":{"line":196,"column":66},"end":{"line":196,"column":77}},{"start":{"line":196,"column":77},"end":{"line":196,"column":83}}],"line":196},"23":{"loc":{"start":{"line":197,"column":42},"end":{"line":197,"column":84}},"type":"cond-expr","locations":[{"start":{"line":197,"column":67},"end":{"line":197,"column":78}},{"start":{"line":197,"column":78},"end":{"line":197,"column":84}}],"line":197},"24":{"loc":{"start":{"line":211,"column":17},"end":{"line":218,"column":null}},"type":"binary-expr","locations":[{"start":{"line":211,"column":17},"end":{"line":211,"column":null}},{"start":{"line":212,"column":18},"end":{"line":218,"column":null}}],"line":211},"25":{"loc":{"start":{"line":222,"column":15},"end":{"line":228,"column":null}},"type":"binary-expr","locations":[{"start":{"line":222,"column":15},"end":{"line":222,"column":null}},{"start":{"line":223,"column":16},"end":{"line":228,"column":null}}],"line":222},"26":{"loc":{"start":{"line":231,"column":15},"end":{"line":264,"column":null}},"type":"binary-expr","locations":[{"start":{"line":231,"column":15},"end":{"line":231,"column":null}},{"start":{"line":232,"column":16},"end":{"line":264,"column":null}}],"line":231},"27":{"loc":{"start":{"line":291,"column":43},"end":{"line":291,"column":78}},"type":"cond-expr","locations":[{"start":{"line":291,"column":55},"end":{"line":291,"column":72}},{"start":{"line":291,"column":72},"end":{"line":291,"column":78}}],"line":291},"28":{"loc":{"start":{"line":293,"column":25},"end":{"line":293,"column":null}},"type":"cond-expr","locations":[{"start":{"line":293,"column":37},"end":{"line":293,"column":53}},{"start":{"line":293,"column":53},"end":{"line":293,"column":null}}],"line":293},"29":{"loc":{"start":{"line":294,"column":25},"end":{"line":294,"column":null}},"type":"cond-expr","locations":[{"start":{"line":294,"column":37},"end":{"line":294,"column":74}},{"start":{"line":294,"column":74},"end":{"line":294,"column":null}}],"line":294},"30":{"loc":{"start":{"line":298,"column":18},"end":{"line":298,"column":null}},"type":"cond-expr","locations":[{"start":{"line":298,"column":41},"end":{"line":298,"column":89}},{"start":{"line":298,"column":89},"end":{"line":298,"column":null}}],"line":298},"31":{"loc":{"start":{"line":298,"column":18},"end":{"line":298,"column":41}},"type":"binary-expr","locations":[{"start":{"line":298,"column":18},"end":{"line":298,"column":25}},{"start":{"line":298,"column":25},"end":{"line":298,"column":41}}],"line":298},"32":{"loc":{"start":{"line":307,"column":25},"end":{"line":307,"column":101}},"type":"cond-expr","locations":[{"start":{"line":307,"column":31},"end":{"line":307,"column":101}},{"start":{"line":307,"column":91},"end":{"line":307,"column":101}}],"line":307},"33":{"loc":{"start":{"line":314,"column":25},"end":{"line":314,"column":104}},"type":"cond-expr","locations":[{"start":{"line":314,"column":31},"end":{"line":314,"column":94}},{"start":{"line":314,"column":94},"end":{"line":314,"column":104}}],"line":314},"34":{"loc":{"start":{"line":325,"column":15},"end":{"line":396,"column":null}},"type":"binary-expr","locations":[{"start":{"line":325,"column":15},"end":{"line":325,"column":22}},{"start":{"line":325,"column":22},"end":{"line":325,"column":39}},{"start":{"line":325,"column":39},"end":{"line":325,"column":null}},{"start":{"line":326,"column":16},"end":{"line":396,"column":null}}],"line":325},"35":{"loc":{"start":{"line":348,"column":21},"end":{"line":351,"column":null}},"type":"binary-expr","locations":[{"start":{"line":348,"column":21},"end":{"line":348,"column":null}},{"start":{"line":349,"column":22},"end":{"line":351,"column":null}}],"line":348},"36":{"loc":{"start":{"line":358,"column":81},"end":{"line":358,"column":106}},"type":"cond-expr","locations":[{"start":{"line":358,"column":94},"end":{"line":358,"column":103}},{"start":{"line":358,"column":103},"end":{"line":358,"column":106}}],"line":358},"37":{"loc":{"start":{"line":363,"column":92},"end":{"line":363,"column":132}},"type":"cond-expr","locations":[{"start":{"line":363,"column":109},"end":{"line":363,"column":121}},{"start":{"line":363,"column":121},"end":{"line":363,"column":132}}],"line":363},"38":{"loc":{"start":{"line":371,"column":23},"end":{"line":380,"column":null}},"type":"binary-expr","locations":[{"start":{"line":371,"column":23},"end":{"line":371,"column":null}},{"start":{"line":372,"column":24},"end":{"line":380,"column":null}}],"line":371},"39":{"loc":{"start":{"line":382,"column":75},"end":{"line":382,"column":128}},"type":"cond-expr","locations":[{"start":{"line":382,"column":88},"end":{"line":382,"column":108}},{"start":{"line":382,"column":108},"end":{"line":382,"column":128}}],"line":382},"40":{"loc":{"start":{"line":393,"column":23},"end":{"line":393,"column":null}},"type":"cond-expr","locations":[{"start":{"line":393,"column":38},"end":{"line":393,"column":61}},{"start":{"line":393,"column":61},"end":{"line":393,"column":null}}],"line":393},"41":{"loc":{"start":{"line":398,"column":15},"end":{"line":401,"column":null}},"type":"binary-expr","locations":[{"start":{"line":398,"column":15},"end":{"line":398,"column":null}},{"start":{"line":399,"column":16},"end":{"line":401,"column":null}}],"line":398},"42":{"loc":{"start":{"line":409,"column":7},"end":{"line":427,"column":null}},"type":"binary-expr","locations":[{"start":{"line":409,"column":7},"end":{"line":409,"column":14}},{"start":{"line":409,"column":14},"end":{"line":409,"column":null}},{"start":{"line":410,"column":8},"end":{"line":427,"column":null}}],"line":409}},"s":{"0":4,"1":4,"2":4,"3":4,"4":4,"5":4,"6":4,"7":4,"8":4,"9":4,"10":4,"11":4,"12":4,"13":4,"14":2,"15":2,"16":0,"17":0,"18":4,"19":0,"20":4,"21":0,"22":0,"23":4,"24":0,"25":0,"26":4,"27":4,"28":4,"29":0,"30":0,"31":4,"32":4,"33":6,"34":4,"35":4,"36":4,"37":1,"38":1,"39":1,"40":1,"41":1,"42":4,"43":0,"44":0,"45":0,"46":0,"47":0,"48":0,"49":0,"50":4,"51":0,"52":0,"53":0,"54":0,"55":0,"56":0,"57":0,"58":0,"59":0,"60":0,"61":0,"62":0,"63":0,"64":0,"65":0,"66":0,"67":0,"68":0,"69":0,"70":4,"71":0,"72":0,"73":4,"74":4,"75":2,"76":2,"77":0,"78":2,"79":2,"80":2,"81":0,"82":0,"83":0,"84":0,"85":4,"86":0,"87":0,"88":1,"89":8,"90":1,"91":0,"92":0,"93":0,"94":0,"95":0,"96":0,"97":0,"98":0,"99":0,"100":0,"101":5,"102":0,"103":0},"f":{"0":4,"1":2,"2":0,"3":0,"4":0,"5":0,"6":0,"7":4,"8":0,"9":6,"10":0,"11":0,"12":0,"13":0,"14":0,"15":0,"16":0,"17":0,"18":0,"19":0,"20":1,"21":8,"22":1,"23":0,"24":0,"25":0,"26":0,"27":0,"28":0,"29":0,"30":0,"31":5,"32":0,"33":0},"b":{"0":[0,2],"1":[0,0],"2":[4,0],"3":[4,3],"4":[0,0],"5":[0,0],"6":[2,2],"7":[1,3],"8":[4,2],"9":[0,0],"10":[0,0],"11":[0,0],"12":[0,0],"13":[0,0],"14":[4,0],"15":[0,0],"16":[0,0],"17":[0,0],"18":[0,0],"19":[0,0],"20":[2,2],"21":[2,0],"22":[4,0],"23":[0,4],"24":[4,2],"25":[4,4],"26":[4,0],"27":[0,4],"28":[0,4],"29":[0,4],"30":[1,3],"31":[4,2],"32":[2,2],"33":[2,2],"34":[4,2,1,1],"35":[1,0],"36":[0,1],"37":[0,5],"38":[1,0],"39":[0,1],"40":[0,1],"41":[4,0],"42":[4,2,1]},"meta":{"lastBranch":43,"lastFunction":34,"lastStatement":104,"seen":{"f:5:24:5:34":0,"s:6:36:6:Infinity":0,"s:7:44:7:Infinity":1,"s:8:36:8:Infinity":2,"s:9:36:9:Infinity":3,"s:11:30:13:Infinity":4,"s:16:34:16:Infinity":5,"s:17:36:17:Infinity":6,"s:18:36:18:Infinity":7,"s:19:36:19:Infinity":8,"s:20:40:20:Infinity":9,"s:21:42:21:Infinity":10,"s:22:30:22:Infinity":11,"s:23:34:23:Infinity":12,"s:25:2:31:Infinity":13,"f:25:2:25:18":1,"s:26:21:26:Infinity":14,"b:27:4:30:Infinity:undefined:undefined:undefined:undefined":0,"s:27:4:30:Infinity":15,"s:28:6:28:Infinity":16,"s:29:6:29:Infinity":17,"s:33:8:35:Infinity":18,"f:33:8:33:31":2,"s:34:4:34:Infinity":19,"s:37:8:39:Infinity":20,"f:37:8:37:29":3,"s:38:4:38:Infinity":21,"f:38:21:38:28":4,"s:38:33:38:44":22,"s:41:8:43:Infinity":23,"f:41:8:41:29":5,"s:42:4:42:Infinity":24,"f:42:21:42:25":6,"s:42:30:42:72":25,"b:42:44:42:71:42:71:42:72":1,"s:46:8:51:Infinity":26,"f:46:8:46:30":7,"b:47:4:49:Infinity:undefined:undefined:undefined:undefined":2,"s:47:4:49:Infinity":27,"s:48:6:48:Infinity":28,"b:48:13:48:38:48:38:48:Infinity":3,"s:50:4:50:Infinity":29,"f:50:18:50:26":8,"s:50:37:50:103":30,"b:50:45:50:69:50:69:50:75":4,"b:50:75:50:98:50:98:50:103":5,"s:53:20:53:Infinity":31,"s:54:19:54:Infinity":32,"f:54:35:54:45":9,"s:54:50:54:72":33,"s:55:14:55:Infinity":34,"b:55:30:55:58:55:58:55:Infinity":6,"s:57:18:57:Infinity":35,"b:58:2:64:Infinity:undefined:undefined:undefined:undefined":7,"s:58:2:64:Infinity":36,"b:58:6:58:13:58:13:58:28":8,"s:59:21:59:Infinity":37,"s:60:23:60:Infinity":38,"s:61:21:61:Infinity":39,"s:62:22:62:Infinity":40,"s:63:4:63:Infinity":41,"s:67:8:75:Infinity":42,"f:67:8:67:32":10,"s:68:15:68:Infinity":43,"b:69:4:74:Infinity:undefined:undefined:undefined:undefined":9,"s:69:4:74:Infinity":44,"s:70:16:70:Infinity":45,"s:71:6:71:Infinity":46,"s:72:6:72:Infinity":47,"s:73:6:73:Infinity":48,"f:73:6:73:23":11,"s:73:23:73:44":49,"s:78:27:112:Infinity":50,"f:78:27:78:34":12,"s:79:4:79:Infinity":51,"b:80:4:83:Infinity:undefined:undefined:undefined:undefined":10,"s:80:4:83:Infinity":52,"b:80:8:80:29:80:29:80:48":11,"s:81:6:81:Infinity":53,"s:82:6:82:Infinity":54,"s:84:4:84:Infinity":55,"s:85:4:85:Infinity":56,"s:87:17:87:Infinity":57,"s:88:21:88:Infinity":58,"s:90:4:111:Infinity":59,"s:91:23:94:Infinity":60,"s:96:19:96:Infinity":61,"s:97:6:99:Infinity":62,"s:98:8:98:Infinity":63,"b:101:6:105:Infinity:103:13:105:Infinity":12,"s:101:6:105:Infinity":64,"s:102:8:102:Infinity":65,"s:104:8:104:Infinity":66,"b:104:24:104:42:104:42:104:71":13,"s:107:6:107:Infinity":67,"s:108:6:108:Infinity":68,"s:110:6:110:Infinity":69,"s:114:29:118:Infinity":70,"b:115:6:115:Infinity:116:6:118:Infinity":14,"f:116:13:116:20":13,"s:116:20:116:90":71,"b:116:20:116:61:116:55:116:90":15,"b:116:26:116:50:116:50:116:55":16,"b:116:61:116:84:116:84:116:89":17,"f:117:13:117:17":14,"s:117:22:117:132":72,"b:117:70:117:94:117:94:117:100":18,"b:117:100:117:123:117:123:117:126":19,"s:120:27:120:Infinity":73,"b:121:2:132:Infinity:undefined:undefined:undefined:undefined":20,"s:121:2:132:Infinity":74,"s:122:4:122:Infinity":75,"s:123:4:123:Infinity":76,"f:123:39:123:43":15,"s:123:48:123:56":77,"s:124:4:124:Infinity":78,"b:125:4:131:Infinity:undefined:undefined:undefined:undefined":21,"s:125:4:131:Infinity":79,"s:126:6:130:Infinity":80,"f:126:43:126:52":16,"s:127:28:127:Infinity":81,"s:128:8:128:Infinity":82,"s:129:8:129:Infinity":83,"f:129:36:129:40":17,"s:129:48:129:59":84,"s:134:2:427:Infinity":85,"b:196:66:196:77:196:77:196:83":22,"f:196:83:196:98":18,"s:196:98:196:121":86,"b:197:67:197:78:197:78:197:84":23,"f:197:84:197:99":19,"s:197:99:197:123":87,"f:205:71:205:81":20,"s:205:86:205:Infinity":88,"f:207:35:207:39":21,"s:208:20:208:Infinity":89,"b:211:17:211:Infinity:212:18:218:Infinity":24,"b:222:15:222:Infinity:223:16:228:Infinity":25,"f:226:116:226:126":22,"s:226:131:226:162":90,"b:231:15:231:Infinity:232:16:264:Infinity":26,"f:236:30:236:34":23,"s:237:24:259:Infinity":91,"f:239:131:239:141":24,"s:239:146:239:Infinity":92,"f:247:59:247:74":25,"s:247:74:247:103":93,"f:252:121:252:131":26,"s:252:136:252:192":94,"f:256:120:256:130":27,"s:256:135:256:190":95,"b:291:55:291:72:291:72:291:78":27,"b:293:37:293:53:293:53:293:Infinity":28,"b:294:37:294:74:294:74:294:Infinity":29,"b:298:41:298:89:298:89:298:Infinity":30,"b:298:18:298:25:298:25:298:41":31,"b:307:31:307:101:307:91:307:101":32,"b:314:31:314:94:314:94:314:104":33,"b:325:15:325:22:325:22:325:39:325:39:325:Infinity:326:16:396:Infinity":34,"f:336:104:336:114":28,"s:336:119:336:149":96,"f:341:98:341:108":29,"s:341:115:341:145":97,"s:341:145:341:166":98,"f:345:100:345:110":30,"s:345:117:345:147":99,"s:345:147:345:168":100,"b:348:21:348:Infinity:349:22:351:Infinity":35,"b:358:94:358:103:358:103:358:106":36,"f:359:41:359:45":31,"s:360:26:367:Infinity":101,"f:362:28:362:43":32,"s:362:43:362:Infinity":102,"b:363:109:363:121:363:121:363:132":37,"b:371:23:371:Infinity:372:24:380:Infinity":38,"f:377:26:377:36":33,"s:377:41:377:Infinity":103,"b:382:88:382:108:382:108:382:128":39,"b:393:38:393:61:393:61:393:Infinity":40,"b:398:15:398:Infinity:399:16:401:Infinity":41,"b:409:7:409:14:409:14:409:Infinity:410:8:427:Infinity":42},"fnNames":{}}}
,"/Users/adithyags/Desktop/BuildSense/src/components/FormattedPackageName.jsx": {"path":"/Users/adithyags/Desktop/BuildSense/src/components/FormattedPackageName.jsx","statementMap":{"0":{"start":{"line":2,"column":2},"end":{"line":2,"column":null}},"1":{"start":{"line":2,"column":13},"end":{"line":2,"column":null}},"2":{"start":{"line":3,"column":16},"end":{"line":3,"column":null}},"3":{"start":{"line":4,"column":2},"end":{"line":4,"column":null}},"4":{"start":{"line":4,"column":24},"end":{"line":4,"column":null}},"5":{"start":{"line":8,"column":17},"end":{"line":8,"column":null}},"6":{"start":{"line":9,"column":17},"end":{"line":9,"column":null}},"7":{"start":{"line":11,"column":2},"end":{"line":15,"column":null}}},"fnMap":{"0":{"name":"FormattedPackageName","decl":{"start":{"line":1,"column":24},"end":{"line":1,"column":45}},"loc":{"start":{"line":1,"column":78},"end":{"line":17,"column":null}},"line":1}},"branchMap":{"0":{"loc":{"start":{"line":1,"column":53},"end":{"line":1,"column":64}},"type":"default-arg","locations":[{"start":{"line":1,"column":61},"end":{"line":1,"column":64}}],"line":1},"1":{"loc":{"start":{"line":1,"column":64},"end":{"line":1,"column":78}},"type":"default-arg","locations":[{"start":{"line":1,"column":72},"end":{"line":1,"column":78}}],"line":1},"2":{"loc":{"start":{"line":2,"column":2},"end":{"line":2,"column":null}},"type":"if","locations":[{"start":{"line":2,"column":2},"end":{"line":2,"column":null}},{"start":{},"end":{}}],"line":2},"3":{"loc":{"start":{"line":4,"column":2},"end":{"line":4,"column":null}},"type":"if","locations":[{"start":{"line":4,"column":2},"end":{"line":4,"column":null}},{"start":{},"end":{}}],"line":4}},"s":{"0":7,"1":0,"2":7,"3":7,"4":1,"5":6,"6":6,"7":6},"f":{"0":7},"b":{"0":[7],"1":[7],"2":[0,7],"3":[1,6]},"meta":{"lastBranch":4,"lastFunction":1,"lastStatement":8,"seen":{"f:1:24:1:45":0,"b:1:61:1:64":0,"b:1:72:1:78":1,"b:2:2:2:Infinity:undefined:undefined:undefined:undefined":2,"s:2:2:2:Infinity":0,"s:2:13:2:Infinity":1,"s:3:16:3:Infinity":2,"b:4:2:4:Infinity:undefined:undefined:undefined:undefined":3,"s:4:2:4:Infinity":3,"s:4:24:4:Infinity":4,"s:8:17:8:Infinity":5,"s:9:17:9:Infinity":6,"s:11:2:15:Infinity":7},"fnNames":{}}}
,"/Users/adithyags/Desktop/BuildSense/src/components/Hero.jsx": {"path":"/Users/adithyags/Desktop/BuildSense/src/components/Hero.jsx","statementMap":{"0":{"start":{"line":2,"column":2},"end":{"line":54,"column":null}},"1":{"start":{"line":11,"column":65},"end":{"line":11,"column":90}},"2":{"start":{"line":12,"column":65},"end":{"line":12,"column":89}}},"fnMap":{"0":{"name":"Hero","decl":{"start":{"line":1,"column":24},"end":{"line":1,"column":29}},"loc":{"start":{"line":1,"column":45},"end":{"line":56,"column":null}},"line":1},"1":{"name":"(anonymous_1)","decl":{"start":{"line":11,"column":50},"end":{"line":11,"column":65}},"loc":{"start":{"line":11,"column":65},"end":{"line":11,"column":90}},"line":11},"2":{"name":"(anonymous_2)","decl":{"start":{"line":12,"column":50},"end":{"line":12,"column":65}},"loc":{"start":{"line":12,"column":65},"end":{"line":12,"column":89}},"line":12}},"branchMap":{},"s":{"0":2,"1":0,"2":0},"f":{"0":2,"1":0,"2":0},"b":{},"meta":{"lastBranch":0,"lastFunction":3,"lastStatement":3,"seen":{"f:1:24:1:29":0,"s:2:2:54:Infinity":0,"f:11:50:11:65":1,"s:11:65:11:90":1,"f:12:50:12:65":2,"s:12:65:12:89":2},"fnNames":{}}}
,"/Users/adithyags/Desktop/BuildSense/src/components/PackageDetails.jsx": {"path":"/Users/adithyags/Desktop/BuildSense/src/components/PackageDetails.jsx","statementMap":{"0":{"start":{"line":4,"column":34},"end":{"line":4,"column":null}},"1":{"start":{"line":6,"column":2},"end":{"line":35,"column":null}},"2":{"start":{"line":9,"column":36},"end":{"line":9,"column":56}},"3":{"start":{"line":12,"column":92},"end":{"line":12,"column":116}},"4":{"start":{"line":18,"column":32},"end":{"line":18,"column":null}},"5":{"start":{"line":19,"column":12},"end":{"line":30,"column":null}},"6":{"start":{"line":24,"column":20},"end":{"line":27,"column":null}}},"fnMap":{"0":{"name":"PackageDetails","decl":{"start":{"line":3,"column":24},"end":{"line":3,"column":39}},"loc":{"start":{"line":3,"column":48},"end":{"line":37,"column":null}},"line":3},"1":{"name":"(anonymous_1)","decl":{"start":{"line":9,"column":22},"end":{"line":9,"column":27}},"loc":{"start":{"line":9,"column":36},"end":{"line":9,"column":56}},"line":9},"2":{"name":"(anonymous_2)","decl":{"start":{"line":12,"column":77},"end":{"line":12,"column":92}},"loc":{"start":{"line":12,"column":92},"end":{"line":12,"column":116}},"line":12},"3":{"name":"(anonymous_3)","decl":{"start":{"line":17,"column":72},"end":{"line":17,"column":77}},"loc":{"start":{"line":17,"column":94},"end":{"line":32,"column":11}},"line":17},"4":{"name":"(anonymous_4)","decl":{"start":{"line":23,"column":25},"end":{"line":23,"column":30}},"loc":{"start":{"line":24,"column":20},"end":{"line":27,"column":null}},"line":24}},"branchMap":{"0":{"loc":{"start":{"line":12,"column":47},"end":{"line":12,"column":77}},"type":"cond-expr","locations":[{"start":{"line":12,"column":58},"end":{"line":12,"column":71}},{"start":{"line":12,"column":71},"end":{"line":12,"column":77}}],"line":12},"1":{"loc":{"start":{"line":16,"column":45},"end":{"line":16,"column":null}},"type":"cond-expr","locations":[{"start":{"line":16,"column":56},"end":{"line":16,"column":69}},{"start":{"line":16,"column":69},"end":{"line":16,"column":null}}],"line":16},"2":{"loc":{"start":{"line":17,"column":11},"end":{"line":32,"column":null}},"type":"binary-expr","locations":[{"start":{"line":17,"column":11},"end":{"line":17,"column":35}},{"start":{"line":17,"column":35},"end":{"line":32,"column":null}}],"line":17}},"s":{"0":5,"1":5,"2":3,"3":1,"4":2,"5":2,"6":2},"f":{"0":5,"1":3,"2":1,"3":2,"4":2},"b":{"0":[1,4],"1":[1,4],"2":[5,5]},"meta":{"lastBranch":3,"lastFunction":5,"lastStatement":7,"seen":{"f:3:24:3:39":0,"s:4:34:4:Infinity":0,"s:6:2:35:Infinity":1,"f:9:22:9:27":1,"s:9:36:9:56":2,"b:12:58:12:71:12:71:12:77":0,"f:12:77:12:92":2,"s:12:92:12:116":3,"b:16:56:16:69:16:69:16:Infinity":1,"b:17:11:17:35:17:35:32:Infinity":2,"f:17:72:17:77":3,"s:18:32:18:Infinity":4,"s:19:12:30:Infinity":5,"f:23:25:23:30":4,"s:24:20:27:Infinity":6},"fnNames":{}}}
,"/Users/adithyags/Desktop/BuildSense/src/components/Packages.jsx": {"path":"/Users/adithyags/Desktop/BuildSense/src/components/Packages.jsx","statementMap":{"0":{"start":{"line":5,"column":2},"end":{"line":56,"column":null}},"1":{"start":{"line":52,"column":12},"end":{"line":52,"column":null}},"2":{"start":{"line":61,"column":2},"end":{"line":75,"column":null}},"3":{"start":{"line":72,"column":8},"end":{"line":72,"column":null}},"4":{"start":{"line":73,"column":8},"end":{"line":73,"column":null}}},"fnMap":{"0":{"name":"Packages","decl":{"start":{"line":4,"column":24},"end":{"line":4,"column":33}},"loc":{"start":{"line":4,"column":57},"end":{"line":58,"column":null}},"line":4},"1":{"name":"(anonymous_1)","decl":{"start":{"line":51,"column":27},"end":{"line":51,"column":32}},"loc":{"start":{"line":52,"column":12},"end":{"line":52,"column":null}},"line":52},"2":{"name":"PackageCard","decl":{"start":{"line":60,"column":9},"end":{"line":60,"column":21}},"loc":{"start":{"line":60,"column":49},"end":{"line":77,"column":null}},"line":60},"3":{"name":"(anonymous_3)","decl":{"start":{"line":71,"column":42},"end":{"line":71,"column":57}},"loc":{"start":{"line":71,"column":57},"end":{"line":74,"column":9}},"line":71}},"branchMap":{},"s":{"0":1,"1":1,"2":1,"3":0,"4":0},"f":{"0":1,"1":1,"2":1,"3":0},"b":{},"meta":{"lastBranch":0,"lastFunction":4,"lastStatement":5,"seen":{"f:4:24:4:33":0,"s:5:2:56:Infinity":0,"f:51:27:51:32":1,"s:52:12:52:Infinity":1,"f:60:9:60:21":2,"s:61:2:75:Infinity":2,"f:71:42:71:57":3,"s:72:8:72:Infinity":3,"s:73:8:73:Infinity":4},"fnNames":{}}}
,"/Users/adithyags/Desktop/BuildSense/src/data/config.js": {"path":"/Users/adithyags/Desktop/BuildSense/src/data/config.js","statementMap":{"0":{"start":{"line":1,"column":30},"end":{"line":600,"column":null}}},"fnMap":{},"branchMap":{},"s":{"0":1},"f":{},"b":{},"meta":{"lastBranch":0,"lastFunction":0,"lastStatement":1,"seen":{"s:1:30:600:Infinity":0},"fnNames":{}}}
}
